[18-Dec-2024 17:23:39 Asia/Kolkata] Data fetching failed
[18-Dec-2024 17:34:05 Asia/Kolkata] Data fetching failed
[18-Dec-2024 17:34:10 Asia/Kolkata] Data fetching failed
[18-Dec-2024 17:34:21 Asia/Kolkata] Data fetching failed
[18-Dec-2024 17:34:26 Asia/Kolkata] Data fetching failed
[18-Dec-2024 17:36:07 Asia/Kolkata] Data fetching failed
[18-Dec-2024 17:38:14 Asia/Kolkata] Data fetching failed
[18-Dec-2024 17:41:43 Asia/Kolkata] Data fetching failed
[18-Dec-2024 17:41:43 Asia/Kolkata] Data fetching failed
[18-Dec-2024 17:41:43 Asia/Kolkata] Data fetching failed
[18-Dec-2024 17:41:43 Asia/Kolkata] Data fetching failed
[18-Dec-2024 17:41:43 Asia/Kolkata] Data fetching failed
[18-Dec-2024 18:31:04 Asia/Kolkata] Data fetching failed
[18-Dec-2024 18:31:04 Asia/Kolkata] Data fetching failed
[18-Dec-2024 18:31:04 Asia/Kolkata] Data fetching failed
[18-Dec-2024 18:31:04 Asia/Kolkata] Data fetching failed
[18-Dec-2024 18:31:04 Asia/Kolkata] Data fetching failed
[18-Dec-2024 18:32:24 Asia/Kolkata] Data fetching failed
[18-Dec-2024 18:32:24 Asia/Kolkata] Data fetching failed
[18-Dec-2024 18:32:24 Asia/Kolkata] Data fetching failed
[18-Dec-2024 18:32:24 Asia/Kolkata] Data fetching failed
[18-Dec-2024 18:32:24 Asia/Kolkata] Data fetching failed
[18-Dec-2024 18:32:33 Asia/Kolkata] Data fetching failed
[18-Dec-2024 18:32:33 Asia/Kolkata] Data fetching failed
[18-Dec-2024 18:32:33 Asia/Kolkata] Data fetching failed
[18-Dec-2024 18:32:33 Asia/Kolkata] Data fetching failed
[18-Dec-2024 18:32:33 Asia/Kolkata] Data fetching failed
[18-Dec-2024 18:34:45 Asia/Kolkata] Data fetching failed
[18-Dec-2024 18:34:45 Asia/Kolkata] Data fetching failed
[18-Dec-2024 18:34:45 Asia/Kolkata] Data fetching failed
[18-Dec-2024 18:34:45 Asia/Kolkata] Data fetching failed
[18-Dec-2024 18:37:12 Asia/Kolkata] Data fetching failed
[18-Dec-2024 18:37:12 Asia/Kolkata] Data fetching failed
[18-Dec-2024 18:37:12 Asia/Kolkata] Data fetching failed
[18-Dec-2024 18:38:11 Asia/Kolkata] Data fetching failed
[18-Dec-2024 18:44:02 Asia/Kolkata] Error occurred during fetch: You have an error in your SQL syntax; check the manual that corresponds to your MariaDB server version for the right syntax to use near '= ? AND manager = ?' at line 1
[18-Dec-2024 18:44:09 Asia/Kolkata] Error occurred during fetch: You have an error in your SQL syntax; check the manual that corresponds to your MariaDB server version for the right syntax to use near '= ? AND manager = ?' at line 1
[18-Dec-2024 18:44:26 Asia/Kolkata] PHP Fatal error:  Uncaught ArgumentCountError: The number of elements in the type definition string must match the number of bind variables in C:\xampp\htdocs\mic\Codes\Principal\principal_leave_back.php:67
Stack trace:
#0 C:\xampp\htdocs\mic\Codes\Principal\principal_leave_back.php(67): mysqli_stmt->bind_param('is', 'Information Tec...', 1, 'Principal')
#1 {main}
  thrown in C:\xampp\htdocs\mic\Codes\Principal\principal_leave_back.php on line 67
[18-Dec-2024 19:19:31 Asia/Kolkata] Data updated in target database for 2024-12-02
[18-Dec-2024 19:19:31 Asia/Kolkata] Data fetching failed
[18-Dec-2024 19:21:07 Asia/Kolkata] Data fetching failed
[18-Dec-2024 19:21:12 Asia/Kolkata] Data updated in target database for 2024-09-19
[18-Dec-2024 19:21:12 Asia/Kolkata] Data updated in target database for 2024-09-20
[18-Dec-2024 19:21:12 Asia/Kolkata] Data fetching failed
[18-Dec-2024 19:24:49 Asia/Kolkata] Data fetching failed
[18-Dec-2024 19:24:49 Asia/Kolkata] Data fetching failed
[19-Dec-2024 09:18:50 Asia/Kolkata] Data fetching failed
[19-Dec-2024 09:18:50 Asia/Kolkata] Data fetching failed
[19-Dec-2024 11:37:58 Asia/Kolkata] Data fetching failed
[19-Dec-2024 11:37:58 Asia/Kolkata] Data fetching failed
[19-Dec-2024 12:15:43 Asia/Kolkata] No data found for the selected month and year
[19-Dec-2024 12:15:46 Asia/Kolkata] No data found for the selected month and year
[19-Dec-2024 12:15:50 Asia/Kolkata] No data found for the selected month and year
[19-Dec-2024 12:15:57 Asia/Kolkata] No data found for the selected month and year
[19-Dec-2024 12:16:09 Asia/Kolkata] No data found for the selected month and year
[19-Dec-2024 12:16:15 Asia/Kolkata] No data found for the selected month and year
[19-Dec-2024 12:36:28 Asia/Kolkata] Data fetching failed
[19-Dec-2024 12:36:28 Asia/Kolkata] Data fetching failed
[19-Dec-2024 12:40:09 Asia/Kolkata] Data fetching failed
[19-Dec-2024 12:40:09 Asia/Kolkata] Data fetching failed
[19-Dec-2024 12:52:19 Asia/Kolkata] Data fetching failed
[19-Dec-2024 12:52:19 Asia/Kolkata] Data fetching failed
[19-Dec-2024 13:05:53 Asia/Kolkata] Data fetching failed
[19-Dec-2024 13:05:53 Asia/Kolkata] Data fetching failed
[19-Dec-2024 13:38:03 Asia/Kolkata] Data fetching failed
[19-Dec-2024 13:38:03 Asia/Kolkata] Data fetching failed
[19-Dec-2024 13:38:57 Asia/Kolkata] Data fetching failed
[19-Dec-2024 13:38:57 Asia/Kolkata] Data fetching failed
[19-Dec-2024 13:40:07 Asia/Kolkata] Data fetching failed
[19-Dec-2024 13:40:07 Asia/Kolkata] Data fetching failed
[19-Dec-2024 13:40:29 Asia/Kolkata] Data fetching failed
[19-Dec-2024 13:40:29 Asia/Kolkata] Data fetching failed
[19-Dec-2024 13:41:16 Asia/Kolkata] Data fetching failed
[19-Dec-2024 13:41:16 Asia/Kolkata] Data fetching failed
[19-Dec-2024 13:41:29 Asia/Kolkata] Data fetching failed
[19-Dec-2024 13:41:29 Asia/Kolkata] Data fetching failed
[19-Dec-2024 13:41:50 Asia/Kolkata] 02-12-2024
[19-Dec-2024 13:41:50 Asia/Kolkata] devicelogs_12_2024
[19-Dec-2024 13:41:50 Asia/Kolkata] Data updated in target database for 02-12-2024
[19-Dec-2024 15:28:56 Asia/Kolkata] Data fetching failed
[19-Dec-2024 15:46:26 Asia/Kolkata] Data fetching failed
[19-Dec-2024 15:46:38 Asia/Kolkata] Data updated in target database for 2024-12-07
[19-Dec-2024 15:46:38 Asia/Kolkata] Data fetching failed
[19-Dec-2024 16:25:09 Asia/Kolkata] Data fetching failed
[19-Dec-2024 16:25:09 Asia/Kolkata] Data fetching failed
[19-Dec-2024 16:28:16 Asia/Kolkata] Data fetching failed
[19-Dec-2024 16:59:34 Asia/Kolkata] Data fetching failed
[19-Dec-2024 16:59:35 Asia/Kolkata] Data fetching failed
[19-Dec-2024 16:59:39 Asia/Kolkata] 06-12-2024
[19-Dec-2024 16:59:39 Asia/Kolkata] devicelogs_12_2024
[19-Dec-2024 16:59:39 Asia/Kolkata] Data updated in target database for 06-12-2024
[19-Dec-2024 17:08:40 Asia/Kolkata] Data fetching failed
[19-Dec-2024 17:08:43 Asia/Kolkata] Data updated in target database for 2024-12-07
[19-Dec-2024 17:08:43 Asia/Kolkata] Data fetching failed
[19-Dec-2024 17:26:38 Asia/Kolkata] Data fetching failed
[19-Dec-2024 17:26:38 Asia/Kolkata] Data fetching failed
[19-Dec-2024 17:28:12 Asia/Kolkata] Data fetching failed
[19-Dec-2024 17:28:12 Asia/Kolkata] Data fetching failed
[19-Dec-2024 17:29:09 Asia/Kolkata] Data fetching failed
[19-Dec-2024 17:29:28 Asia/Kolkata] Data fetching failed
[19-Dec-2024 17:31:02 Asia/Kolkata] Data fetching failed
[19-Dec-2024 17:31:02 Asia/Kolkata] Data fetching failed
[19-Dec-2024 17:31:44 Asia/Kolkata] Data fetching failed
[19-Dec-2024 17:32:05 Asia/Kolkata] Data fetching failed
[19-Dec-2024 17:32:26 Asia/Kolkata] Data fetching failed
[19-Dec-2024 17:33:28 Asia/Kolkata] Data fetching failed
[19-Dec-2024 17:34:38 Asia/Kolkata] Data updated in target database for 2024-12-07
[19-Dec-2024 17:34:38 Asia/Kolkata] Data fetching failed
[19-Dec-2024 18:27:09 Asia/Kolkata] Data fetching failed
[19-Dec-2024 18:27:09 Asia/Kolkata] Data fetching failed
[19-Dec-2024 18:27:12 Asia/Kolkata] Data fetching failed
[19-Dec-2024 18:27:12 Asia/Kolkata] Data fetching failed
[19-Dec-2024 19:17:34 Asia/Kolkata] Data fetching failed
[19-Dec-2024 19:17:34 Asia/Kolkata] Data fetching failed
[19-Dec-2024 19:17:36 Asia/Kolkata] PHP Fatal error:  Uncaught Error: Call to undefined function getDepartmentCount() in C:\xampp\htdocs\mic\Codes\Principal\principal_leave_back.php:86
Stack trace:
#0 {main}
  thrown in C:\xampp\htdocs\mic\Codes\Principal\principal_leave_back.php on line 86
[19-Dec-2024 19:18:07 Asia/Kolkata] PHP Fatal error:  Uncaught Error: Call to undefined function getDepartmentCount() in C:\xampp\htdocs\mic\Codes\Principal\principal_leave_back.php:86
Stack trace:
#0 {main}
  thrown in C:\xampp\htdocs\mic\Codes\Principal\principal_leave_back.php on line 86
[28-Dec-2024 17:22:26 Asia/Kolkata] Data fetching failed
[28-Dec-2024 17:22:26 Asia/Kolkata] Data fetching failed
[28-Dec-2024 17:22:26 Asia/Kolkata] Data fetching failed
[28-Dec-2024 17:22:26 Asia/Kolkata] Data fetching failed
[28-Dec-2024 17:22:26 Asia/Kolkata] Data fetching failed
[28-Dec-2024 17:22:26 Asia/Kolkata] Data fetching failed
[28-Dec-2024 17:22:32 Asia/Kolkata] Data fetching failed
[28-Dec-2024 17:22:32 Asia/Kolkata] Data fetching failed
[28-Dec-2024 17:22:32 Asia/Kolkata] Data fetching failed
[28-Dec-2024 17:22:32 Asia/Kolkata] Data fetching failed
[28-Dec-2024 17:22:32 Asia/Kolkata] Data fetching failed
[28-Dec-2024 17:22:32 Asia/Kolkata] Data fetching failed
[28-Dec-2024 17:23:12 Asia/Kolkata] Data fetching failed
[28-Dec-2024 17:23:12 Asia/Kolkata] Data fetching failed
[28-Dec-2024 17:23:12 Asia/Kolkata] Data fetching failed
[28-Dec-2024 17:23:12 Asia/Kolkata] Data fetching failed
[28-Dec-2024 17:23:12 Asia/Kolkata] Data fetching failed
[28-Dec-2024 17:23:12 Asia/Kolkata] Data fetching failed
[28-Dec-2024 17:23:34 Asia/Kolkata] Data fetching failed
[28-Dec-2024 17:23:34 Asia/Kolkata] Data fetching failed
[28-Dec-2024 17:23:34 Asia/Kolkata] Data fetching failed
[28-Dec-2024 17:23:34 Asia/Kolkata] Data fetching failed
[28-Dec-2024 17:23:34 Asia/Kolkata] Data fetching failed
[28-Dec-2024 17:23:34 Asia/Kolkata] Data fetching failed
[28-Dec-2024 17:23:56 Asia/Kolkata] Data fetching failed
[28-Dec-2024 17:23:56 Asia/Kolkata] Data fetching failed
[28-Dec-2024 17:23:56 Asia/Kolkata] Data fetching failed
[28-Dec-2024 17:23:56 Asia/Kolkata] Data fetching failed
[28-Dec-2024 17:23:56 Asia/Kolkata] Data fetching failed
[28-Dec-2024 17:23:56 Asia/Kolkata] Data fetching failed
[28-Dec-2024 17:24:23 Asia/Kolkata] Data fetching failed
[28-Dec-2024 17:24:23 Asia/Kolkata] Data fetching failed
[28-Dec-2024 17:24:23 Asia/Kolkata] Data fetching failed
[28-Dec-2024 17:24:23 Asia/Kolkata] Data fetching failed
[28-Dec-2024 17:24:23 Asia/Kolkata] Data fetching failed
[28-Dec-2024 17:24:23 Asia/Kolkata] Data fetching failed
[28-Dec-2024 17:24:31 Asia/Kolkata] Data fetching failed
[28-Dec-2024 17:24:31 Asia/Kolkata] Data fetching failed
[28-Dec-2024 17:24:31 Asia/Kolkata] Data fetching failed
[28-Dec-2024 17:24:31 Asia/Kolkata] Data fetching failed
[28-Dec-2024 17:24:31 Asia/Kolkata] Data fetching failed
[28-Dec-2024 17:24:31 Asia/Kolkata] Data fetching failed
[28-Dec-2024 17:24:56 Asia/Kolkata] Data fetching failed
[28-Dec-2024 17:24:56 Asia/Kolkata] Data fetching failed
[28-Dec-2024 17:24:56 Asia/Kolkata] Data fetching failed
[28-Dec-2024 17:24:56 Asia/Kolkata] Data fetching failed
[28-Dec-2024 17:24:56 Asia/Kolkata] Data fetching failed
[28-Dec-2024 17:24:56 Asia/Kolkata] Data fetching failed
[28-Dec-2024 17:25:13 Asia/Kolkata] Data fetching failed
[28-Dec-2024 17:25:13 Asia/Kolkata] Data fetching failed
[28-Dec-2024 17:25:13 Asia/Kolkata] Data fetching failed
[28-Dec-2024 17:25:13 Asia/Kolkata] Data fetching failed
[28-Dec-2024 17:25:13 Asia/Kolkata] Data fetching failed
[28-Dec-2024 17:25:13 Asia/Kolkata] Data fetching failed
[28-Dec-2024 17:25:24 Asia/Kolkata] Data fetching failed
[28-Dec-2024 17:25:24 Asia/Kolkata] Data fetching failed
[28-Dec-2024 17:25:24 Asia/Kolkata] Data fetching failed
[28-Dec-2024 17:25:24 Asia/Kolkata] Data fetching failed
[28-Dec-2024 17:25:24 Asia/Kolkata] Data fetching failed
[28-Dec-2024 17:25:24 Asia/Kolkata] Data fetching failed
[28-Dec-2024 17:27:35 Asia/Kolkata] Data fetching failed
[28-Dec-2024 17:27:35 Asia/Kolkata] Data fetching failed
[28-Dec-2024 17:27:35 Asia/Kolkata] Data fetching failed
[28-Dec-2024 17:27:35 Asia/Kolkata] Data fetching failed
[28-Dec-2024 17:27:35 Asia/Kolkata] Data fetching failed
[28-Dec-2024 17:27:35 Asia/Kolkata] Data fetching failed
[28-Dec-2024 17:28:11 Asia/Kolkata] Data fetching failed
[28-Dec-2024 17:28:11 Asia/Kolkata] Data fetching failed
[28-Dec-2024 17:28:11 Asia/Kolkata] Data fetching failed
[28-Dec-2024 17:28:11 Asia/Kolkata] Data fetching failed
[28-Dec-2024 17:28:11 Asia/Kolkata] Data fetching failed
[28-Dec-2024 17:28:11 Asia/Kolkata] Data fetching failed
[28-Dec-2024 17:28:33 Asia/Kolkata] Data fetching failed
[28-Dec-2024 17:28:33 Asia/Kolkata] Data fetching failed
[28-Dec-2024 17:28:33 Asia/Kolkata] Data fetching failed
[28-Dec-2024 17:28:33 Asia/Kolkata] Data fetching failed
[28-Dec-2024 17:28:33 Asia/Kolkata] Data fetching failed
[28-Dec-2024 17:28:33 Asia/Kolkata] Data fetching failed
[28-Dec-2024 17:28:53 Asia/Kolkata] Data fetching failed
[28-Dec-2024 17:28:53 Asia/Kolkata] Data fetching failed
[28-Dec-2024 17:28:53 Asia/Kolkata] Data fetching failed
[28-Dec-2024 17:28:53 Asia/Kolkata] Data fetching failed
[28-Dec-2024 17:28:53 Asia/Kolkata] Data fetching failed
[28-Dec-2024 17:28:53 Asia/Kolkata] Data fetching failed
[28-Dec-2024 17:29:28 Asia/Kolkata] Data fetching failed
[28-Dec-2024 17:29:28 Asia/Kolkata] Data fetching failed
[28-Dec-2024 17:29:28 Asia/Kolkata] Data fetching failed
[28-Dec-2024 17:29:28 Asia/Kolkata] Data fetching failed
[28-Dec-2024 17:29:28 Asia/Kolkata] Data fetching failed
[28-Dec-2024 17:29:28 Asia/Kolkata] Data fetching failed
[28-Dec-2024 17:31:01 Asia/Kolkata] Data fetching failed
[28-Dec-2024 17:31:01 Asia/Kolkata] Data fetching failed
[28-Dec-2024 17:31:01 Asia/Kolkata] Data fetching failed
[28-Dec-2024 17:31:01 Asia/Kolkata] Data fetching failed
[28-Dec-2024 17:31:01 Asia/Kolkata] Data fetching failed
[28-Dec-2024 17:31:01 Asia/Kolkata] Data fetching failed
[28-Dec-2024 17:31:16 Asia/Kolkata] Data fetching failed
[28-Dec-2024 17:31:16 Asia/Kolkata] Data fetching failed
[28-Dec-2024 17:31:16 Asia/Kolkata] Data fetching failed
[28-Dec-2024 17:31:16 Asia/Kolkata] Data fetching failed
[28-Dec-2024 17:31:16 Asia/Kolkata] Data fetching failed
[28-Dec-2024 17:31:16 Asia/Kolkata] Data fetching failed
[28-Dec-2024 19:05:13 Asia/Kolkata] PHP Warning:  Undefined variable $conn in C:\xampp\htdocs\mic\Codes\Principal\change_password.php on line 42
[28-Dec-2024 19:05:13 Asia/Kolkata] PHP Fatal error:  Uncaught Error: Call to a member function prepare() on null in C:\xampp\htdocs\mic\Codes\Principal\change_password.php:42
Stack trace:
#0 {main}
  thrown in C:\xampp\htdocs\mic\Codes\Principal\change_password.php on line 42
[28-Dec-2024 19:13:31 Asia/Kolkata] PHP Warning:  preg_match(): Unknown modifier '?' in C:\xampp\htdocs\mic\Codes\Principal\change_password.php on line 33
[28-Dec-2024 19:13:37 Asia/Kolkata] PHP Warning:  preg_match(): Unknown modifier '?' in C:\xampp\htdocs\mic\Codes\Principal\change_password.php on line 33
